[2025-07-14 03:32:28.127] [jointLog] [info] setting maxHashResizeThreads to 4
[2025-07-14 03:32:28.127] [jointLog] [info] Fragment incompatibility prior below threshold.  Incompatible fragments will be ignored.
[2025-07-14 03:32:28.127] [jointLog] [info] Usage of --validateMappings implies use of minScoreFraction. Since not explicitly specified, it is being set to 0.65
[2025-07-14 03:32:28.127] [jointLog] [info] Setting consensusSlack to selective-alignment default of 0.35.
[2025-07-14 03:32:28.127] [jointLog] [info] parsing read library format
[2025-07-14 03:32:28.127] [jointLog] [info] There is 1 library.
[2025-07-14 03:32:28.242] [jointLog] [info] Loading pufferfish index
[2025-07-14 03:32:28.276] [jointLog] [info] Loading dense pufferfish index.
[2025-07-14 03:32:41.153] [jointLog] [info] done
[2025-07-14 03:32:41.324] [jointLog] [info] Index contained 57192 targets
[2025-07-14 03:32:41.338] [jointLog] [info] Number of decoys : 0
[2025-07-14 03:32:43.566] [jointLog] [info] Automatically detected most likely library type as IU

[2025-07-14 03:38:44.655] [jointLog] [info] Computed 78532 rich equivalence classes for further processing
[2025-07-14 03:38:44.655] [jointLog] [info] Counted 6421532 total reads in the equivalence classes 
[2025-07-14 03:38:44.657] [jointLog] [info] Number of mappings discarded because of alignment score : 32885160
[2025-07-14 03:38:44.657] [jointLog] [info] Number of fragments entirely discarded because of alignment score : 2577003
[2025-07-14 03:38:44.657] [jointLog] [info] Number of fragments discarded because they are best-mapped to decoys : 0
[2025-07-14 03:38:44.657] [jointLog] [info] Number of fragments discarded because they have only dovetail (discordant) mappings to valid targets : 106213
[2025-07-14 03:38:44.657] [jointLog] [info] Mapping rate = 36.3441%

[2025-07-14 03:38:44.657] [jointLog] [info] finished quantifyLibrary()
[2025-07-14 03:38:44.707] [jointLog] [info] Starting optimizer
[2025-07-14 03:38:44.740] [jointLog] [info] Marked 0 weighted equivalence classes as degenerate
[2025-07-14 03:38:44.745] [jointLog] [info] iteration = 0 | max rel diff. = 9565.67
[2025-07-14 03:38:44.655] [fileLog] [info] 
At end of round 0
==================
Observed 17668694 total fragments (17668694 in most recent round)

[2025-07-14 03:38:45.141] [jointLog] [info] iteration = 100 | max rel diff. = 14.5125
[2025-07-14 03:38:45.590] [jointLog] [info] iteration = 200 | max rel diff. = 3.23388
[2025-07-14 03:38:46.018] [jointLog] [info] iteration = 300 | max rel diff. = 6.69413
[2025-07-14 03:38:46.441] [jointLog] [info] iteration = 400 | max rel diff. = 0.146331
[2025-07-14 03:38:46.872] [jointLog] [info] iteration = 500 | max rel diff. = 0.00653577
[2025-07-14 03:38:46.873] [jointLog] [info] Finished optimizer
[2025-07-14 03:38:46.873] [jointLog] [info] writing output 

