[2025-07-14 03:44:08.422] [jointLog] [info] setting maxHashResizeThreads to 4
[2025-07-14 03:44:08.422] [jointLog] [info] Fragment incompatibility prior below threshold.  Incompatible fragments will be ignored.
[2025-07-14 03:44:08.422] [jointLog] [info] Usage of --validateMappings implies use of minScoreFraction. Since not explicitly specified, it is being set to 0.65
[2025-07-14 03:44:08.422] [jointLog] [info] Setting consensusSlack to selective-alignment default of 0.35.
[2025-07-14 03:44:08.422] [jointLog] [info] parsing read library format
[2025-07-14 03:44:08.422] [jointLog] [info] There is 1 library.
[2025-07-14 03:44:08.434] [jointLog] [info] Loading pufferfish index
[2025-07-14 03:44:08.476] [jointLog] [info] Loading dense pufferfish index.
[2025-07-14 03:44:18.050] [jointLog] [info] done
[2025-07-14 03:44:18.213] [jointLog] [info] Index contained 57192 targets
[2025-07-14 03:44:18.225] [jointLog] [info] Number of decoys : 0
[2025-07-14 03:44:19.878] [jointLog] [info] Automatically detected most likely library type as IU

[2025-07-14 03:50:02.272] [fileLog] [info] 
At end of round 0
==================
Observed 17113416 total fragments (17113416 in most recent round)

[2025-07-14 03:50:02.271] [jointLog] [info] Computed 127780 rich equivalence classes for further processing
[2025-07-14 03:50:02.271] [jointLog] [info] Counted 8663018 total reads in the equivalence classes 
[2025-07-14 03:50:02.275] [jointLog] [info] Number of mappings discarded because of alignment score : 57805109
[2025-07-14 03:50:02.275] [jointLog] [info] Number of fragments entirely discarded because of alignment score : 1587284
[2025-07-14 03:50:02.275] [jointLog] [info] Number of fragments discarded because they are best-mapped to decoys : 0
[2025-07-14 03:50:02.275] [jointLog] [info] Number of fragments discarded because they have only dovetail (discordant) mappings to valid targets : 224683
[2025-07-14 03:50:02.275] [jointLog] [info] Mapping rate = 50.6212%

[2025-07-14 03:50:02.275] [jointLog] [info] finished quantifyLibrary()
[2025-07-14 03:50:02.300] [jointLog] [info] Starting optimizer
[2025-07-14 03:50:02.335] [jointLog] [info] Marked 0 weighted equivalence classes as degenerate
[2025-07-14 03:50:02.343] [jointLog] [info] iteration = 0 | max rel diff. = 12136.6
[2025-07-14 03:50:02.976] [jointLog] [info] iteration = 100 | max rel diff. = 12.2115
[2025-07-14 03:50:03.654] [jointLog] [info] iteration = 200 | max rel diff. = 0.80446
[2025-07-14 03:50:04.364] [jointLog] [info] iteration = 300 | max rel diff. = 0.303911
[2025-07-14 03:50:05.054] [jointLog] [info] iteration = 400 | max rel diff. = 0.252339
[2025-07-14 03:50:05.735] [jointLog] [info] iteration = 500 | max rel diff. = 0.0891927
[2025-07-14 03:50:06.411] [jointLog] [info] iteration = 600 | max rel diff. = 0.238004
[2025-07-14 03:50:07.085] [jointLog] [info] iteration = 700 | max rel diff. = 0.0728358
[2025-07-14 03:50:07.756] [jointLog] [info] iteration = 800 | max rel diff. = 0.035994
[2025-07-14 03:50:08.430] [jointLog] [info] iteration = 900 | max rel diff. = 1.29765
[2025-07-14 03:50:08.444] [jointLog] [info] iteration = 903 | max rel diff. = 0.00418408
[2025-07-14 03:50:08.445] [jointLog] [info] Finished optimizer
[2025-07-14 03:50:08.445] [jointLog] [info] writing output 

